Fri Feb  6 11:10:01 2026updating database now.
Traceback (most recent call last):
  File "/Users/rustydotson/Projects/NiigataSkiStatus/scheduled_collection.py", line 22, in <module>
    request_weather_info()
    ~~~~~~~~~~~~~~~~~~~~^^
  File "/Users/rustydotson/Projects/NiigataSkiStatus/scheduled_collection.py", line 7, in request_weather_info
    openmeteo_request.update_db()
    ~~~~~~~~~~~~~~~~~~~~~~~~~~~^^
  File "/Users/rustydotson/Projects/NiigataSkiStatus/openmeteo_request.py", line 92, in update_db
    weather_codes = open("descriptions.json", 'r')
FileNotFoundError: [Errno 2] No such file or directory: 'descriptions.json'
Fri Feb  6 11:11:01 2026updating database now.
Traceback (most recent call last):
  File "/Users/rustydotson/Projects/NiigataSkiStatus/scheduled_collection.py", line 22, in <module>
    request_weather_info()
    ~~~~~~~~~~~~~~~~~~~~^^
  File "/Users/rustydotson/Projects/NiigataSkiStatus/scheduled_collection.py", line 7, in request_weather_info
    openmeteo_request.update_db()
    ~~~~~~~~~~~~~~~~~~~~~~~~~~~^^
  File "/Users/rustydotson/Projects/NiigataSkiStatus/openmeteo_request.py", line 92, in update_db
    weather_codes = open("descriptions.json", 'r')
FileNotFoundError: [Errno 2] No such file or directory: 'descriptions.json'
Fri Feb  6 11:12:02 2026updating database now.
Traceback (most recent call last):
  File "/Users/rustydotson/Projects/NiigataSkiStatus/scheduled_collection.py", line 22, in <module>
    request_weather_info()
    ~~~~~~~~~~~~~~~~~~~~^^
  File "/Users/rustydotson/Projects/NiigataSkiStatus/scheduled_collection.py", line 7, in request_weather_info
    openmeteo_request.update_db()
    ~~~~~~~~~~~~~~~~~~~~~~~~~~~^^
  File "/Users/rustydotson/Projects/NiigataSkiStatus/openmeteo_request.py", line 95, in update_db
    for row in cur.execute("SELECT * FROM weather"):
               ~~~~~~~~~~~^^^^^^^^^^^^^^^^^^^^^^^^^
sqlite3.OperationalError: no such table: weather
Fri Feb  6 11:13:00 2026updating database now.
Traceback (most recent call last):
  File "/Users/rustydotson/Projects/NiigataSkiStatus/scheduled_collection.py", line 22, in <module>
    request_weather_info()
    ~~~~~~~~~~~~~~~~~~~~^^
  File "/Users/rustydotson/Projects/NiigataSkiStatus/scheduled_collection.py", line 7, in request_weather_info
    openmeteo_request.update_db()
    ~~~~~~~~~~~~~~~~~~~~~~~~~~~^^
  File "/Users/rustydotson/Projects/NiigataSkiStatus/openmeteo_request.py", line 95, in update_db
    for row in cur.execute("SELECT * FROM weather"):
               ~~~~~~~~~~~^^^^^^^^^^^^^^^^^^^^^^^^^
sqlite3.OperationalError: no such table: weather
Fri Feb  6 11:14:01 2026updating database now.
Traceback (most recent call last):
  File "/Users/rustydotson/Projects/NiigataSkiStatus/scheduled_collection.py", line 22, in <module>
    request_weather_info()
    ~~~~~~~~~~~~~~~~~~~~^^
  File "/Users/rustydotson/Projects/NiigataSkiStatus/scheduled_collection.py", line 7, in request_weather_info
    openmeteo_request.update_db()
    ~~~~~~~~~~~~~~~~~~~~~~~~~~~^^
  File "/Users/rustydotson/Projects/NiigataSkiStatus/openmeteo_request.py", line 95, in update_db
    for row in cur.execute("SELECT * FROM weather"):
               ~~~~~~~~~~~^^^^^^^^^^^^^^^^^^^^^^^^^
sqlite3.OperationalError: no such table: weather
Fri Feb  6 11:15:01 2026updating database now.
Traceback (most recent call last):
  File "/Users/rustydotson/Projects/NiigataSkiStatus/scheduled_collection.py", line 22, in <module>
    request_weather_info()
    ~~~~~~~~~~~~~~~~~~~~^^
  File "/Users/rustydotson/Projects/NiigataSkiStatus/scheduled_collection.py", line 7, in request_weather_info
    openmeteo_request.update_db()
    ~~~~~~~~~~~~~~~~~~~~~~~~~~~^^
  File "/Users/rustydotson/Projects/NiigataSkiStatus/openmeteo_request.py", line 95, in update_db
    for row in cur.execute("SELECT * FROM weather"):
               ~~~~~~~~~~~^^^^^^^^^^^^^^^^^^^^^^^^^
sqlite3.OperationalError: no such table: weather
Fri Feb  6 11:16:01 2026updating database now.
Traceback (most recent call last):
  File "/Users/rustydotson/Projects/NiigataSkiStatus/scheduled_collection.py", line 22, in <module>
    request_weather_info()
    ~~~~~~~~~~~~~~~~~~~~^^
  File "/Users/rustydotson/Projects/NiigataSkiStatus/scheduled_collection.py", line 7, in request_weather_info
    openmeteo_request.update_db()
    ~~~~~~~~~~~~~~~~~~~~~~~~~~~^^
  File "/Users/rustydotson/Projects/NiigataSkiStatus/openmeteo_request.py", line 95, in update_db
    for row in cur.execute("SELECT * FROM weather"):
               ~~~~~~~~~~~^^^^^^^^^^^^^^^^^^^^^^^^^
sqlite3.OperationalError: no such table: weather
Fri Feb  6 11:17:02 2026updating database now.
Traceback (most recent call last):
  File "/Users/rustydotson/Projects/NiigataSkiStatus/scheduled_collection.py", line 22, in <module>
    request_weather_info()
    ~~~~~~~~~~~~~~~~~~~~^^
  File "/Users/rustydotson/Projects/NiigataSkiStatus/scheduled_collection.py", line 7, in request_weather_info
    openmeteo_request.update_db()
    ~~~~~~~~~~~~~~~~~~~~~~~~~~~^^
  File "/Users/rustydotson/Projects/NiigataSkiStatus/openmeteo_request.py", line 95, in update_db
    for row in cur.execute("SELECT * FROM weather"):
               ~~~~~~~~~~~^^^^^^^^^^^^^^^^^^^^^^^^^
sqlite3.OperationalError: no such table: weather
Fri Feb  6 11:18:01 2026updating database now.
Traceback (most recent call last):
  File "/Users/rustydotson/Projects/NiigataSkiStatus/scheduled_collection.py", line 22, in <module>
    request_weather_info()
    ~~~~~~~~~~~~~~~~~~~~^^
  File "/Users/rustydotson/Projects/NiigataSkiStatus/scheduled_collection.py", line 7, in request_weather_info
    openmeteo_request.update_db()
    ~~~~~~~~~~~~~~~~~~~~~~~~~~~^^
  File "/Users/rustydotson/Projects/NiigataSkiStatus/openmeteo_request.py", line 95, in update_db
    for row in cur.execute("SELECT * FROM weather"):
               ~~~~~~~~~~~^^^^^^^^^^^^^^^^^^^^^^^^^
sqlite3.OperationalError: no such table: weather
Fri Feb  6 11:19:01 2026updating database now.
Traceback (most recent call last):
  File "/Users/rustydotson/Projects/NiigataSkiStatus/scheduled_collection.py", line 22, in <module>
    request_weather_info()
    ~~~~~~~~~~~~~~~~~~~~^^
  File "/Users/rustydotson/Projects/NiigataSkiStatus/scheduled_collection.py", line 7, in request_weather_info
    openmeteo_request.update_db()
    ~~~~~~~~~~~~~~~~~~~~~~~~~~~^^
  File "/Users/rustydotson/Projects/NiigataSkiStatus/openmeteo_request.py", line 95, in update_db
    for row in cur.execute("SELECT * FROM weather"):
               ~~~~~~~~~~~^^^^^^^^^^^^^^^^^^^^^^^^^
sqlite3.OperationalError: no such table: weather
Fri Feb  6 11:20:01 2026updating database now.
Traceback (most recent call last):
  File "/Users/rustydotson/Projects/NiigataSkiStatus/scheduled_collection.py", line 22, in <module>
    request_weather_info()
    ~~~~~~~~~~~~~~~~~~~~^^
  File "/Users/rustydotson/Projects/NiigataSkiStatus/scheduled_collection.py", line 7, in request_weather_info
    openmeteo_request.update_db()
    ~~~~~~~~~~~~~~~~~~~~~~~~~~~^^
  File "/Users/rustydotson/Projects/NiigataSkiStatus/openmeteo_request.py", line 95, in update_db
    for row in cur.execute("SELECT * FROM weather"):
               ~~~~~~~~~~~^^^^^^^^^^^^^^^^^^^^^^^^^
sqlite3.OperationalError: no such table: weather
Fri Feb  6 11:21:01 2026updating database now.
Traceback (most recent call last):
  File "/Users/rustydotson/Projects/NiigataSkiStatus/scheduled_collection.py", line 22, in <module>
    request_weather_info()
    ~~~~~~~~~~~~~~~~~~~~^^
  File "/Users/rustydotson/Projects/NiigataSkiStatus/scheduled_collection.py", line 7, in request_weather_info
    openmeteo_request.update_db()
    ~~~~~~~~~~~~~~~~~~~~~~~~~~~^^
  File "/Users/rustydotson/Projects/NiigataSkiStatus/openmeteo_request.py", line 95, in update_db
    for row in cur.execute("SELECT * FROM weather"):
               ~~~~~~~~~~~^^^^^^^^^^^^^^^^^^^^^^^^^
sqlite3.OperationalError: no such table: weather
Fri Feb  6 11:22:00 2026updating database now.
Traceback (most recent call last):
  File "/Users/rustydotson/Projects/NiigataSkiStatus/scheduled_collection.py", line 22, in <module>
    request_weather_info()
    ~~~~~~~~~~~~~~~~~~~~^^
  File "/Users/rustydotson/Projects/NiigataSkiStatus/scheduled_collection.py", line 7, in request_weather_info
    openmeteo_request.update_db()
    ~~~~~~~~~~~~~~~~~~~~~~~~~~~^^
  File "/Users/rustydotson/Projects/NiigataSkiStatus/openmeteo_request.py", line 95, in update_db
    for row in cur.execute("SELECT * FROM weather"):
               ~~~~~~~~~~~^^^^^^^^^^^^^^^^^^^^^^^^^
sqlite3.OperationalError: no such table: weather
Fri Feb  6 11:23:01 2026updating database now.
Traceback (most recent call last):
  File "/Users/rustydotson/Projects/NiigataSkiStatus/scheduled_collection.py", line 22, in <module>
    request_weather_info()
    ~~~~~~~~~~~~~~~~~~~~^^
  File "/Users/rustydotson/Projects/NiigataSkiStatus/scheduled_collection.py", line 7, in request_weather_info
    openmeteo_request.update_db()
    ~~~~~~~~~~~~~~~~~~~~~~~~~~~^^
  File "/Users/rustydotson/Projects/NiigataSkiStatus/openmeteo_request.py", line 95, in update_db
    for row in cur.execute("SELECT * FROM weather"):
               ~~~~~~~~~~~^^^^^^^^^^^^^^^^^^^^^^^^^
sqlite3.OperationalError: no such table: weather
Fri Feb  6 11:24:01 2026updating database now.
Traceback (most recent call last):
  File "/Users/rustydotson/Projects/NiigataSkiStatus/scheduled_collection.py", line 22, in <module>
    request_weather_info()
    ~~~~~~~~~~~~~~~~~~~~^^
  File "/Users/rustydotson/Projects/NiigataSkiStatus/scheduled_collection.py", line 7, in request_weather_info
    openmeteo_request.update_db()
    ~~~~~~~~~~~~~~~~~~~~~~~~~~~^^
  File "/Users/rustydotson/Projects/NiigataSkiStatus/openmeteo_request.py", line 95, in update_db
    for row in cur.execute("SELECT * FROM weather"):
               ~~~~~~~~~~~^^^^^^^^^^^^^^^^^^^^^^^^^
sqlite3.OperationalError: no such table: weather
Fri Feb  6 11:25:01 2026updating database now.
Traceback (most recent call last):
  File "/Users/rustydotson/Projects/NiigataSkiStatus/scheduled_collection.py", line 22, in <module>
    request_weather_info()
    ~~~~~~~~~~~~~~~~~~~~^^
  File "/Users/rustydotson/Projects/NiigataSkiStatus/scheduled_collection.py", line 7, in request_weather_info
    openmeteo_request.update_db()
    ~~~~~~~~~~~~~~~~~~~~~~~~~~~^^
  File "/Users/rustydotson/Projects/NiigataSkiStatus/openmeteo_request.py", line 95, in update_db
    for row in cur.execute("SELECT * FROM weather"):
               ~~~~~~~~~~~^^^^^^^^^^^^^^^^^^^^^^^^^
sqlite3.OperationalError: no such table: weather
Fri Feb  6 11:26:01 2026updating database now.
Traceback (most recent call last):
  File "/Users/rustydotson/Projects/NiigataSkiStatus/scheduled_collection.py", line 22, in <module>
    request_weather_info()
    ~~~~~~~~~~~~~~~~~~~~^^
  File "/Users/rustydotson/Projects/NiigataSkiStatus/scheduled_collection.py", line 7, in request_weather_info
    openmeteo_request.update_db()
    ~~~~~~~~~~~~~~~~~~~~~~~~~~~^^
  File "/Users/rustydotson/Projects/NiigataSkiStatus/openmeteo_request.py", line 95, in update_db
    for row in cur.execute("SELECT * FROM weather"):
               ~~~~~~~~~~~^^^^^^^^^^^^^^^^^^^^^^^^^
sqlite3.OperationalError: no such table: weather
Fri Feb  6 11:27:01 2026updating database now.
Traceback (most recent call last):
  File "/Users/rustydotson/Projects/NiigataSkiStatus/scheduled_collection.py", line 22, in <module>
    request_weather_info()
    ~~~~~~~~~~~~~~~~~~~~^^
  File "/Users/rustydotson/Projects/NiigataSkiStatus/scheduled_collection.py", line 7, in request_weather_info
    openmeteo_request.update_db()
    ~~~~~~~~~~~~~~~~~~~~~~~~~~~^^
  File "/Users/rustydotson/Projects/NiigataSkiStatus/openmeteo_request.py", line 95, in update_db
    for row in cur.execute("SELECT * FROM weather"):
               ~~~~~~~~~~~^^^^^^^^^^^^^^^^^^^^^^^^^
sqlite3.OperationalError: no such table: weather
Fri Feb  6 11:28:01 2026updating database now.
Traceback (most recent call last):
  File "/Users/rustydotson/Projects/NiigataSkiStatus/scheduled_collection.py", line 22, in <module>
    request_weather_info()
    ~~~~~~~~~~~~~~~~~~~~^^
  File "/Users/rustydotson/Projects/NiigataSkiStatus/scheduled_collection.py", line 7, in request_weather_info
    openmeteo_request.update_db()
    ~~~~~~~~~~~~~~~~~~~~~~~~~~~^^
  File "/Users/rustydotson/Projects/NiigataSkiStatus/openmeteo_request.py", line 95, in update_db
    for row in cur.execute("SELECT * FROM weather"):
               ~~~~~~~~~~~^^^^^^^^^^^^^^^^^^^^^^^^^
sqlite3.OperationalError: no such table: weather
Fri Feb  6 11:29:01 2026updating database now.
Traceback (most recent call last):
  File "/Users/rustydotson/Projects/NiigataSkiStatus/scheduled_collection.py", line 22, in <module>
    request_weather_info()
    ~~~~~~~~~~~~~~~~~~~~^^
  File "/Users/rustydotson/Projects/NiigataSkiStatus/scheduled_collection.py", line 7, in request_weather_info
    openmeteo_request.update_db()
    ~~~~~~~~~~~~~~~~~~~~~~~~~~~^^
  File "/Users/rustydotson/Projects/NiigataSkiStatus/openmeteo_request.py", line 95, in update_db
    for row in cur.execute("SELECT * FROM weather"):
               ~~~~~~~~~~~^^^^^^^^^^^^^^^^^^^^^^^^^
sqlite3.OperationalError: no such table: weather
Fri Feb  6 11:30:01 2026updating database now.
Traceback (most recent call last):
  File "/Users/rustydotson/Projects/NiigataSkiStatus/scheduled_collection.py", line 22, in <module>
    request_weather_info()
    ~~~~~~~~~~~~~~~~~~~~^^
  File "/Users/rustydotson/Projects/NiigataSkiStatus/scheduled_collection.py", line 7, in request_weather_info
    openmeteo_request.update_db()
    ~~~~~~~~~~~~~~~~~~~~~~~~~~~^^
  File "/Users/rustydotson/Projects/NiigataSkiStatus/openmeteo_request.py", line 95, in update_db
    for row in cur.execute("SELECT * FROM weather"):
               ~~~~~~~~~~~^^^^^^^^^^^^^^^^^^^^^^^^^
sqlite3.OperationalError: no such table: weather
Fri Feb  6 11:31:01 2026updating database now.
Traceback (most recent call last):
  File "/Users/rustydotson/Projects/NiigataSkiStatus/scheduled_collection.py", line 22, in <module>
    request_weather_info()
    ~~~~~~~~~~~~~~~~~~~~^^
  File "/Users/rustydotson/Projects/NiigataSkiStatus/scheduled_collection.py", line 7, in request_weather_info
    openmeteo_request.update_db()
    ~~~~~~~~~~~~~~~~~~~~~~~~~~~^^
  File "/Users/rustydotson/Projects/NiigataSkiStatus/openmeteo_request.py", line 95, in update_db
    for row in cur.execute("SELECT * FROM weather"):
               ~~~~~~~~~~~^^^^^^^^^^^^^^^^^^^^^^^^^
sqlite3.OperationalError: no such table: weather
Fri Feb  6 11:32:01 2026updating database now.
Traceback (most recent call last):
  File "/Users/rustydotson/Projects/NiigataSkiStatus/scheduled_collection.py", line 22, in <module>
    request_weather_info()
    ~~~~~~~~~~~~~~~~~~~~^^
  File "/Users/rustydotson/Projects/NiigataSkiStatus/scheduled_collection.py", line 7, in request_weather_info
    openmeteo_request.update_db()
    ~~~~~~~~~~~~~~~~~~~~~~~~~~~^^
  File "/Users/rustydotson/Projects/NiigataSkiStatus/openmeteo_request.py", line 95, in update_db
    for row in cur.execute("SELECT * FROM weather"):
               ~~~~~~~~~~~^^^^^^^^^^^^^^^^^^^^^^^^^
sqlite3.OperationalError: no such table: weather
Fri Feb  6 11:33:01 2026updating database now.
Traceback (most recent call last):
  File "/Users/rustydotson/Projects/NiigataSkiStatus/scheduled_collection.py", line 22, in <module>
    request_weather_info()
    ~~~~~~~~~~~~~~~~~~~~^^
  File "/Users/rustydotson/Projects/NiigataSkiStatus/scheduled_collection.py", line 7, in request_weather_info
    openmeteo_request.update_db()
    ~~~~~~~~~~~~~~~~~~~~~~~~~~~^^
  File "/Users/rustydotson/Projects/NiigataSkiStatus/openmeteo_request.py", line 95, in update_db
    for row in cur.execute("SELECT * FROM weather"):
               ~~~~~~~~~~~^^^^^^^^^^^^^^^^^^^^^^^^^
sqlite3.OperationalError: no such table: weather
Fri Feb  6 11:34:01 2026updating database now.
Traceback (most recent call last):
  File "/Users/rustydotson/Projects/NiigataSkiStatus/scheduled_collection.py", line 22, in <module>
    request_weather_info()
    ~~~~~~~~~~~~~~~~~~~~^^
  File "/Users/rustydotson/Projects/NiigataSkiStatus/scheduled_collection.py", line 7, in request_weather_info
    openmeteo_request.update_db()
    ~~~~~~~~~~~~~~~~~~~~~~~~~~~^^
  File "/Users/rustydotson/Projects/NiigataSkiStatus/openmeteo_request.py", line 95, in update_db
sqlite3.OperationalError: no such table: weather
Fri Feb  6 11:35:02 2026updating database now.
Coordinates 38.0°N 139.5°E
Elevation 122.0 m asl
Timezone b'Asia/Tokyo' b'GMT+9'
Timezone difference to GMT+0 32400 s
Coordinates 36.79999923706055°N 138.75°E
Elevation 1260.0 m asl
Timezone b'Asia/Tokyo' b'GMT+9'
Timezone difference to GMT+0 32400 s
Coordinates 37.70000076293945°N 139.375°E
Elevation 28.0 m asl
Timezone b'Asia/Tokyo' b'GMT+9'
Timezone difference to GMT+0 32400 s
Coordinates 37.95000076293945°N 139.4375°E
Elevation 152.0 m asl
Timezone b'Asia/Tokyo' b'GMT+9'
Timezone difference to GMT+0 32400 s
Fri Feb  6 11:35:07 2026Database Updated.
Fri Feb  6 11:36:01 2026updating database now.
Coordinates 38.0°N 139.5°E
Elevation 122.0 m asl
Timezone b'Asia/Tokyo' b'GMT+9'
Timezone difference to GMT+0 32400 s
Coordinates 36.79999923706055°N 138.75°E
Elevation 1260.0 m asl
Timezone b'Asia/Tokyo' b'GMT+9'
Timezone difference to GMT+0 32400 s
Coordinates 37.70000076293945°N 139.375°E
Elevation 28.0 m asl
Timezone b'Asia/Tokyo' b'GMT+9'
Timezone difference to GMT+0 32400 s
Coordinates 37.95000076293945°N 139.4375°E
Elevation 152.0 m asl
Timezone b'Asia/Tokyo' b'GMT+9'
Timezone difference to GMT+0 32400 s
Fri Feb  6 11:36:01 2026Database Updated.
Fri Feb  6 11:37:01 2026updating database now.
Coordinates 38.0°N 139.5°E
Elevation 122.0 m asl
Timezone b'Asia/Tokyo' b'GMT+9'
Timezone difference to GMT+0 32400 s
Coordinates 36.79999923706055°N 138.75°E
Elevation 1260.0 m asl
Timezone b'Asia/Tokyo' b'GMT+9'
Timezone difference to GMT+0 32400 s
Coordinates 37.70000076293945°N 139.375°E
Elevation 28.0 m asl
Timezone b'Asia/Tokyo' b'GMT+9'
Timezone difference to GMT+0 32400 s
Coordinates 37.95000076293945°N 139.4375°E
Elevation 152.0 m asl
Timezone b'Asia/Tokyo' b'GMT+9'
Timezone difference to GMT+0 32400 s
Fri Feb  6 11:37:01 2026Database Updated.
Fri Feb  6 11:38:01 2026updating database now.
Coordinates 38.0°N 139.5°E
Elevation 122.0 m asl
Timezone b'Asia/Tokyo' b'GMT+9'
Timezone difference to GMT+0 32400 s
Coordinates 36.79999923706055°N 138.75°E
Elevation 1260.0 m asl
Timezone b'Asia/Tokyo' b'GMT+9'
Timezone difference to GMT+0 32400 s
Coordinates 37.70000076293945°N 139.375°E
Elevation 28.0 m asl
Timezone b'Asia/Tokyo' b'GMT+9'
Timezone difference to GMT+0 32400 s
Coordinates 37.95000076293945°N 139.4375°E
Elevation 152.0 m asl
Timezone b'Asia/Tokyo' b'GMT+9'
Timezone difference to GMT+0 32400 s
Fri Feb  6 11:38:01 2026Database Updated.
Fri Feb  6 11:39:01 2026updating database now.
Coordinates 38.0°N 139.5°E
Elevation 122.0 m asl
Timezone b'Asia/Tokyo' b'GMT+9'
Timezone difference to GMT+0 32400 s
Coordinates 36.79999923706055°N 138.75°E
Elevation 1260.0 m asl
Timezone b'Asia/Tokyo' b'GMT+9'
Timezone difference to GMT+0 32400 s
Coordinates 37.70000076293945°N 139.375°E
Elevation 28.0 m asl
Timezone b'Asia/Tokyo' b'GMT+9'
Timezone difference to GMT+0 32400 s
Coordinates 37.95000076293945°N 139.4375°E
Elevation 152.0 m asl
Timezone b'Asia/Tokyo' b'GMT+9'
Timezone difference to GMT+0 32400 s
Fri Feb  6 11:39:02 2026Database Updated.
Fri Feb  6 11:40:01 2026updating database now.
Coordinates 38.0°N 139.5°E
Elevation 122.0 m asl
Timezone b'Asia/Tokyo' b'GMT+9'
Timezone difference to GMT+0 32400 s
Coordinates 36.79999923706055°N 138.75°E
Elevation 1260.0 m asl
Timezone b'Asia/Tokyo' b'GMT+9'
Timezone difference to GMT+0 32400 s
Coordinates 37.70000076293945°N 139.375°E
Elevation 28.0 m asl
Timezone b'Asia/Tokyo' b'GMT+9'
Timezone difference to GMT+0 32400 s
Coordinates 37.95000076293945°N 139.4375°E
Elevation 152.0 m asl
Timezone b'Asia/Tokyo' b'GMT+9'
Timezone difference to GMT+0 32400 s
Fri Feb  6 11:40:01 2026Database Updated.
Fri Feb  6 11:41:01 2026updating database now.
Coordinates 38.0°N 139.5°E
Elevation 122.0 m asl
Timezone b'Asia/Tokyo' b'GMT+9'
Timezone difference to GMT+0 32400 s
Coordinates 36.79999923706055°N 138.75°E
Elevation 1260.0 m asl
Timezone b'Asia/Tokyo' b'GMT+9'
Timezone difference to GMT+0 32400 s
Coordinates 37.70000076293945°N 139.375°E
Elevation 28.0 m asl
Timezone b'Asia/Tokyo' b'GMT+9'
Timezone difference to GMT+0 32400 s
Coordinates 37.95000076293945°N 139.4375°E
Elevation 152.0 m asl
Timezone b'Asia/Tokyo' b'GMT+9'
Timezone difference to GMT+0 32400 s
Fri Feb  6 11:41:01 2026Database Updated.
Fri Feb  6 11:42:01 2026updating database now.
Coordinates 38.0°N 139.5°E
Elevation 122.0 m asl
Timezone b'Asia/Tokyo' b'GMT+9'
Timezone difference to GMT+0 32400 s
Coordinates 36.79999923706055°N 138.75°E
Elevation 1260.0 m asl
Timezone b'Asia/Tokyo' b'GMT+9'
Timezone difference to GMT+0 32400 s
Coordinates 37.70000076293945°N 139.375°E
Elevation 28.0 m asl
Timezone b'Asia/Tokyo' b'GMT+9'
Timezone difference to GMT+0 32400 s
Coordinates 37.95000076293945°N 139.4375°E
Elevation 152.0 m asl
Timezone b'Asia/Tokyo' b'GMT+9'
Timezone difference to GMT+0 32400 s
Fri Feb  6 11:42:01 2026Database Updated.
Fri Feb  6 11:49:31 2026updating database now.
Coordinates 38.0°N 139.5°E
Elevation 122.0 m asl
Timezone b'Asia/Tokyo' b'GMT+9'
Timezone difference to GMT+0 32400 s
Coordinates 36.79999923706055°N 138.75°E
Elevation 1260.0 m asl
Timezone b'Asia/Tokyo' b'GMT+9'
Timezone difference to GMT+0 32400 s
Coordinates 37.70000076293945°N 139.375°E
Elevation 28.0 m asl
Timezone b'Asia/Tokyo' b'GMT+9'
Timezone difference to GMT+0 32400 s
Coordinates 37.95000076293945°N 139.4375°E
Elevation 152.0 m asl
Timezone b'Asia/Tokyo' b'GMT+9'
Timezone difference to GMT+0 32400 s
Fri Feb  6 11:49:31 2026Database Updated.
Fri Feb  6 11:50:01 2026updating database now.
Coordinates 38.0°N 139.5°E
Elevation 122.0 m asl
Timezone b'Asia/Tokyo' b'GMT+9'
Timezone difference to GMT+0 32400 s
Coordinates 36.79999923706055°N 138.75°E
Elevation 1260.0 m asl
Timezone b'Asia/Tokyo' b'GMT+9'
Timezone difference to GMT+0 32400 s
Coordinates 37.70000076293945°N 139.375°E
Elevation 28.0 m asl
Timezone b'Asia/Tokyo' b'GMT+9'
Timezone difference to GMT+0 32400 s
Coordinates 37.95000076293945°N 139.4375°E
Elevation 152.0 m asl
Timezone b'Asia/Tokyo' b'GMT+9'
Timezone difference to GMT+0 32400 s
Fri Feb  6 11:50:01 2026Database Updated.
Fri Feb  6 11:51:01 2026updating database now.
Coordinates 38.0°N 139.5°E
Elevation 122.0 m asl
Timezone b'Asia/Tokyo' b'GMT+9'
Timezone difference to GMT+0 32400 s
Coordinates 36.79999923706055°N 138.75°E
Elevation 1260.0 m asl
Timezone b'Asia/Tokyo' b'GMT+9'
Timezone difference to GMT+0 32400 s
Coordinates 37.70000076293945°N 139.375°E
Elevation 28.0 m asl
Timezone b'Asia/Tokyo' b'GMT+9'
Timezone difference to GMT+0 32400 s
Coordinates 37.95000076293945°N 139.4375°E
Elevation 152.0 m asl
Timezone b'Asia/Tokyo' b'GMT+9'
Timezone difference to GMT+0 32400 s
Fri Feb  6 11:51:01 2026Database Updated.
Fri Feb  6 11:52:01 2026updating database now.
Coordinates 38.0°N 139.5°E
Elevation 122.0 m asl
Timezone b'Asia/Tokyo' b'GMT+9'
Timezone difference to GMT+0 32400 s
Coordinates 36.79999923706055°N 138.75°E
Elevation 1260.0 m asl
Timezone b'Asia/Tokyo' b'GMT+9'
Timezone difference to GMT+0 32400 s
Coordinates 37.70000076293945°N 139.375°E
Elevation 28.0 m asl
Timezone b'Asia/Tokyo' b'GMT+9'
Timezone difference to GMT+0 32400 s
Coordinates 37.95000076293945°N 139.4375°E
Elevation 152.0 m asl
Timezone b'Asia/Tokyo' b'GMT+9'
Timezone difference to GMT+0 32400 s
Fri Feb  6 11:52:01 2026Database Updated.
Fri Feb  6 11:59:01 2026updating database now.
Coordinates 38.0°N 139.5°E
Elevation 122.0 m asl
Timezone b'Asia/Tokyo' b'GMT+9'
Timezone difference to GMT+0 32400 s
Coordinates 36.79999923706055°N 138.75°E
Elevation 1260.0 m asl
Timezone b'Asia/Tokyo' b'GMT+9'
Timezone difference to GMT+0 32400 s
Coordinates 37.70000076293945°N 139.375°E
Elevation 28.0 m asl
Timezone b'Asia/Tokyo' b'GMT+9'
Timezone difference to GMT+0 32400 s
Coordinates 37.95000076293945°N 139.4375°E
Elevation 152.0 m asl
Timezone b'Asia/Tokyo' b'GMT+9'
Timezone difference to GMT+0 32400 s
Fri Feb  6 11:59:01 2026Database Updated.
Fri Feb  6 12:00:00 2026updating database now.
Coordinates 38.0°N 139.5°E
Elevation 122.0 m asl
Timezone b'Asia/Tokyo' b'GMT+9'
Timezone difference to GMT+0 32400 s
Coordinates 36.79999923706055°N 138.75°E
Elevation 1260.0 m asl
Timezone b'Asia/Tokyo' b'GMT+9'
Timezone difference to GMT+0 32400 s
Coordinates 37.70000076293945°N 139.375°E
Elevation 28.0 m asl
Timezone b'Asia/Tokyo' b'GMT+9'
Timezone difference to GMT+0 32400 s
Coordinates 37.95000076293945°N 139.4375°E
Elevation 152.0 m asl
Timezone b'Asia/Tokyo' b'GMT+9'
Timezone difference to GMT+0 32400 s
Fri Feb  6 12:00:00 2026Database Updated.
Fri Feb  6 16:00:01 2026updating database now.
Coordinates 38.0°N 139.5°E
Elevation 122.0 m asl
Timezone b'Asia/Tokyo' b'GMT+9'
Timezone difference to GMT+0 32400 s
Coordinates 36.79999923706055°N 138.75°E
Elevation 1260.0 m asl
Timezone b'Asia/Tokyo' b'GMT+9'
Timezone difference to GMT+0 32400 s
Coordinates 37.70000076293945°N 139.375°E
Elevation 28.0 m asl
Timezone b'Asia/Tokyo' b'GMT+9'
Timezone difference to GMT+0 32400 s
Coordinates 37.95000076293945°N 139.4375°E
Elevation 152.0 m asl
Timezone b'Asia/Tokyo' b'GMT+9'
Timezone difference to GMT+0 32400 s
Fri Feb  6 16:00:18 2026Database Updated.
Fri Feb  6 17:00:02 2026updating database now.
Coordinates 38.0°N 139.5°E
Elevation 122.0 m asl
Timezone b'Asia/Tokyo' b'GMT+9'
Timezone difference to GMT+0 32400 s
Coordinates 36.79999923706055°N 138.75°E
Elevation 1260.0 m asl
Timezone b'Asia/Tokyo' b'GMT+9'
Timezone difference to GMT+0 32400 s
Coordinates 37.70000076293945°N 139.375°E
Elevation 28.0 m asl
Timezone b'Asia/Tokyo' b'GMT+9'
Timezone difference to GMT+0 32400 s
Coordinates 37.95000076293945°N 139.4375°E
Elevation 152.0 m asl
Timezone b'Asia/Tokyo' b'GMT+9'
Timezone difference to GMT+0 32400 s
Fri Feb  6 17:00:02 2026Database Updated.
Fri Feb  6 18:00:01 2026updating database now.
Coordinates 38.0°N 139.5°E
Elevation 122.0 m asl
Timezone b'Asia/Tokyo' b'GMT+9'
Timezone difference to GMT+0 32400 s
Coordinates 36.79999923706055°N 138.75°E
Elevation 1260.0 m asl
Timezone b'Asia/Tokyo' b'GMT+9'
Timezone difference to GMT+0 32400 s
Coordinates 37.70000076293945°N 139.375°E
Elevation 28.0 m asl
Timezone b'Asia/Tokyo' b'GMT+9'
Timezone difference to GMT+0 32400 s
Coordinates 37.95000076293945°N 139.4375°E
Elevation 152.0 m asl
Timezone b'Asia/Tokyo' b'GMT+9'
Timezone difference to GMT+0 32400 s
Fri Feb  6 18:00:16 2026Database Updated.
Fri Feb  6 19:00:01 2026updating database now.
Coordinates 38.0°N 139.5°E
Elevation 122.0 m asl
Timezone b'Asia/Tokyo' b'GMT+9'
Timezone difference to GMT+0 32400 s
Coordinates 36.79999923706055°N 138.75°E
Elevation 1260.0 m asl
Timezone b'Asia/Tokyo' b'GMT+9'
Timezone difference to GMT+0 32400 s
Coordinates 37.70000076293945°N 139.375°E
Elevation 28.0 m asl
Timezone b'Asia/Tokyo' b'GMT+9'
Timezone difference to GMT+0 32400 s
Coordinates 37.95000076293945°N 139.4375°E
Elevation 152.0 m asl
Timezone b'Asia/Tokyo' b'GMT+9'
Timezone difference to GMT+0 32400 s
Fri Feb  6 19:00:01 2026Database Updated.
Fri Feb  6 20:00:02 2026updating database now.
Coordinates 38.0°N 139.5°E
Elevation 122.0 m asl
Timezone b'Asia/Tokyo' b'GMT+9'
Timezone difference to GMT+0 32400 s
Coordinates 36.79999923706055°N 138.75°E
Elevation 1260.0 m asl
Timezone b'Asia/Tokyo' b'GMT+9'
Timezone difference to GMT+0 32400 s
Coordinates 37.70000076293945°N 139.375°E
Elevation 28.0 m asl
Timezone b'Asia/Tokyo' b'GMT+9'
Timezone difference to GMT+0 32400 s
Coordinates 37.95000076293945°N 139.4375°E
Elevation 152.0 m asl
Timezone b'Asia/Tokyo' b'GMT+9'
Timezone difference to GMT+0 32400 s
Fri Feb  6 20:00:15 2026Database Updated.
Fri Feb  6 21:00:01 2026updating database now.
Coordinates 38.0°N 139.5°E
Elevation 122.0 m asl
Timezone b'Asia/Tokyo' b'GMT+9'
Timezone difference to GMT+0 32400 s
Coordinates 36.79999923706055°N 138.75°E
Elevation 1260.0 m asl
Timezone b'Asia/Tokyo' b'GMT+9'
Timezone difference to GMT+0 32400 s
Coordinates 37.70000076293945°N 139.375°E
Elevation 28.0 m asl
Timezone b'Asia/Tokyo' b'GMT+9'
Timezone difference to GMT+0 32400 s
Coordinates 37.95000076293945°N 139.4375°E
Elevation 152.0 m asl
Timezone b'Asia/Tokyo' b'GMT+9'
Timezone difference to GMT+0 32400 s
Fri Feb  6 21:00:01 2026Database Updated.
Fri Feb  6 22:00:01 2026updating database now.
Coordinates 38.0°N 139.5°E
Elevation 122.0 m asl
Timezone b'Asia/Tokyo' b'GMT+9'
Timezone difference to GMT+0 32400 s
Coordinates 36.79999923706055°N 138.75°E
Elevation 1260.0 m asl
Timezone b'Asia/Tokyo' b'GMT+9'
Timezone difference to GMT+0 32400 s
Coordinates 37.70000076293945°N 139.375°E
Elevation 28.0 m asl
Timezone b'Asia/Tokyo' b'GMT+9'
Timezone difference to GMT+0 32400 s
Coordinates 37.95000076293945°N 139.4375°E
Elevation 152.0 m asl
Timezone b'Asia/Tokyo' b'GMT+9'
Timezone difference to GMT+0 32400 s
Fri Feb  6 22:00:14 2026Database Updated.
Fri Feb  6 23:00:01 2026updating database now.
Coordinates 38.0°N 139.5°E
Elevation 122.0 m asl
Timezone b'Asia/Tokyo' b'GMT+9'
Timezone difference to GMT+0 32400 s
Coordinates 36.79999923706055°N 138.75°E
Elevation 1260.0 m asl
Timezone b'Asia/Tokyo' b'GMT+9'
Timezone difference to GMT+0 32400 s
Coordinates 37.70000076293945°N 139.375°E
Elevation 28.0 m asl
Timezone b'Asia/Tokyo' b'GMT+9'
Timezone difference to GMT+0 32400 s
Coordinates 37.95000076293945°N 139.4375°E
Elevation 152.0 m asl
Timezone b'Asia/Tokyo' b'GMT+9'
Timezone difference to GMT+0 32400 s
Fri Feb  6 23:00:01 2026Database Updated.
Sat Feb  7 00:00:01 2026updating database now.
Coordinates 38.0°N 139.5°E
Elevation 122.0 m asl
Timezone b'Asia/Tokyo' b'GMT+9'
Timezone difference to GMT+0 32400 s
Coordinates 36.79999923706055°N 138.75°E
Elevation 1260.0 m asl
Timezone b'Asia/Tokyo' b'GMT+9'
Timezone difference to GMT+0 32400 s
Coordinates 37.70000076293945°N 139.375°E
Elevation 28.0 m asl
Timezone b'Asia/Tokyo' b'GMT+9'
Timezone difference to GMT+0 32400 s
Coordinates 37.95000076293945°N 139.4375°E
Elevation 152.0 m asl
Timezone b'Asia/Tokyo' b'GMT+9'
Timezone difference to GMT+0 32400 s
Sat Feb  7 00:00:15 2026Database Updated.
Sat Feb  7 06:00:02 2026updating database now.
Coordinates 38.0°N 139.5°E
Elevation 122.0 m asl
Timezone b'Asia/Tokyo' b'GMT+9'
Timezone difference to GMT+0 32400 s
Coordinates 36.79999923706055°N 138.75°E
Elevation 1260.0 m asl
Timezone b'Asia/Tokyo' b'GMT+9'
Timezone difference to GMT+0 32400 s
Coordinates 37.70000076293945°N 139.375°E
Elevation 28.0 m asl
Timezone b'Asia/Tokyo' b'GMT+9'
Timezone difference to GMT+0 32400 s
Coordinates 37.95000076293945°N 139.4375°E
Elevation 152.0 m asl
Timezone b'Asia/Tokyo' b'GMT+9'
Timezone difference to GMT+0 32400 s
Sat Feb  7 06:00:22 2026Database Updated.
Sat Feb  7 16:00:14 2026updating database now.
Coordinates 38.0°N 139.5°E
Elevation 122.0 m asl
Timezone b'Asia/Tokyo' b'GMT+9'
Timezone difference to GMT+0 32400 s
Coordinates 36.79999923706055°N 138.75°E
Elevation 1260.0 m asl
Timezone b'Asia/Tokyo' b'GMT+9'
Timezone difference to GMT+0 32400 s
Coordinates 37.70000076293945°N 139.375°E
Elevation 28.0 m asl
Timezone b'Asia/Tokyo' b'GMT+9'
Timezone difference to GMT+0 32400 s
Coordinates 37.95000076293945°N 139.4375°E
Elevation 152.0 m asl
Timezone b'Asia/Tokyo' b'GMT+9'
Timezone difference to GMT+0 32400 s
Sat Feb  7 16:00:21 2026Database Updated.
Sat Feb  7 22:00:06 2026updating database now.
Coordinates 38.0°N 139.5°E
Elevation 122.0 m asl
Timezone b'Asia/Tokyo' b'GMT+9'
Timezone difference to GMT+0 32400 s
Coordinates 36.79999923706055°N 138.75°E
Elevation 1260.0 m asl
Timezone b'Asia/Tokyo' b'GMT+9'
Timezone difference to GMT+0 32400 s
Coordinates 37.70000076293945°N 139.375°E
Elevation 28.0 m asl
Timezone b'Asia/Tokyo' b'GMT+9'
Timezone difference to GMT+0 32400 s
Coordinates 37.95000076293945°N 139.4375°E
Elevation 152.0 m asl
Timezone b'Asia/Tokyo' b'GMT+9'
Timezone difference to GMT+0 32400 s
Sat Feb  7 22:15:53 2026Database Updated.
Sun Feb  8 00:00:14 2026updating database now.
Coordinates 38.0°N 139.5°E
Elevation 122.0 m asl
Timezone b'Asia/Tokyo' b'GMT+9'
Timezone difference to GMT+0 32400 s
Coordinates 36.79999923706055°N 138.75°E
Elevation 1260.0 m asl
Timezone b'Asia/Tokyo' b'GMT+9'
Timezone difference to GMT+0 32400 s
Coordinates 37.70000076293945°N 139.375°E
Elevation 28.0 m asl
Timezone b'Asia/Tokyo' b'GMT+9'
Timezone difference to GMT+0 32400 s
Coordinates 37.95000076293945°N 139.4375°E
Elevation 152.0 m asl
Timezone b'Asia/Tokyo' b'GMT+9'
Timezone difference to GMT+0 32400 s
Sun Feb  8 00:00:21 2026Database Updated.
Sun Feb  8 02:00:57 2026updating database now.
Coordinates 38.0°N 139.5°E
Elevation 122.0 m asl
Timezone b'Asia/Tokyo' b'GMT+9'
Timezone difference to GMT+0 32400 s
Coordinates 36.79999923706055°N 138.75°E
Elevation 1260.0 m asl
Timezone b'Asia/Tokyo' b'GMT+9'
Timezone difference to GMT+0 32400 s
Coordinates 37.70000076293945°N 139.375°E
Elevation 28.0 m asl
Timezone b'Asia/Tokyo' b'GMT+9'
Timezone difference to GMT+0 32400 s
Coordinates 37.95000076293945°N 139.4375°E
Elevation 152.0 m asl
Timezone b'Asia/Tokyo' b'GMT+9'
Timezone difference to GMT+0 32400 s
Sun Feb  8 02:01:02 2026Database Updated.
Sun Feb  8 08:03:37 2026updating database now.
Coordinates 38.0°N 139.5°E
Elevation 122.0 m asl
Timezone b'Asia/Tokyo' b'GMT+9'
Timezone difference to GMT+0 32400 s
Coordinates 36.79999923706055°N 138.75°E
Elevation 1260.0 m asl
Timezone b'Asia/Tokyo' b'GMT+9'
Timezone difference to GMT+0 32400 s
Coordinates 37.70000076293945°N 139.375°E
Elevation 28.0 m asl
Timezone b'Asia/Tokyo' b'GMT+9'
Timezone difference to GMT+0 32400 s
Coordinates 37.95000076293945°N 139.4375°E
Elevation 152.0 m asl
Timezone b'Asia/Tokyo' b'GMT+9'
Timezone difference to GMT+0 32400 s
Sun Feb  8 08:38:25 2026Database Updated.
Sun Feb  8 16:00:13 2026updating database now.
Coordinates 38.0°N 139.5°E
Elevation 122.0 m asl
Timezone b'Asia/Tokyo' b'GMT+9'
Timezone difference to GMT+0 32400 s
Coordinates 36.79999923706055°N 138.75°E
Elevation 1260.0 m asl
Timezone b'Asia/Tokyo' b'GMT+9'
Timezone difference to GMT+0 32400 s
Coordinates 37.70000076293945°N 139.375°E
Elevation 28.0 m asl
Timezone b'Asia/Tokyo' b'GMT+9'
Timezone difference to GMT+0 32400 s
Coordinates 37.95000076293945°N 139.4375°E
Elevation 152.0 m asl
Timezone b'Asia/Tokyo' b'GMT+9'
Timezone difference to GMT+0 32400 s
Sun Feb  8 16:00:19 2026Database Updated.
Sun Feb  8 17:00:19 2026updating database now.
Coordinates 38.0°N 139.5°E
Elevation 122.0 m asl
Timezone b'Asia/Tokyo' b'GMT+9'
Timezone difference to GMT+0 32400 s
Coordinates 36.79999923706055°N 138.75°E
Elevation 1260.0 m asl
Timezone b'Asia/Tokyo' b'GMT+9'
Timezone difference to GMT+0 32400 s
Coordinates 37.70000076293945°N 139.375°E
Elevation 28.0 m asl
Timezone b'Asia/Tokyo' b'GMT+9'
Timezone difference to GMT+0 32400 s
Coordinates 37.95000076293945°N 139.4375°E
Elevation 152.0 m asl
Timezone b'Asia/Tokyo' b'GMT+9'
Timezone difference to GMT+0 32400 s
Sun Feb  8 17:00:24 2026Database Updated.
Sun Feb  8 18:01:24 2026updating database now.
Coordinates 38.0°N 139.5°E
Elevation 122.0 m asl
Timezone b'Asia/Tokyo' b'GMT+9'
Timezone difference to GMT+0 32400 s
Coordinates 36.79999923706055°N 138.75°E
Elevation 1260.0 m asl
Timezone b'Asia/Tokyo' b'GMT+9'
Timezone difference to GMT+0 32400 s
Coordinates 37.70000076293945°N 139.375°E
Elevation 28.0 m asl
Timezone b'Asia/Tokyo' b'GMT+9'
Timezone difference to GMT+0 32400 s
Coordinates 37.95000076293945°N 139.4375°E
Elevation 152.0 m asl
Timezone b'Asia/Tokyo' b'GMT+9'
Timezone difference to GMT+0 32400 s
Sun Feb  8 18:01:29 2026Database Updated.
Sun Feb  8 20:00:02 2026updating database now.
Coordinates 38.0°N 139.5°E
Elevation 122.0 m asl
Timezone b'Asia/Tokyo' b'GMT+9'
Timezone difference to GMT+0 32400 s
Coordinates 36.79999923706055°N 138.75°E
Elevation 1260.0 m asl
Timezone b'Asia/Tokyo' b'GMT+9'
Timezone difference to GMT+0 32400 s
Coordinates 37.70000076293945°N 139.375°E
Elevation 28.0 m asl
Timezone b'Asia/Tokyo' b'GMT+9'
Timezone difference to GMT+0 32400 s
Coordinates 37.95000076293945°N 139.4375°E
Elevation 152.0 m asl
Timezone b'Asia/Tokyo' b'GMT+9'
Timezone difference to GMT+0 32400 s
Sun Feb  8 20:00:13 2026Database Updated.
Sun Feb  8 21:00:01 2026updating database now.
Coordinates 38.0°N 139.5°E
Elevation 122.0 m asl
Timezone b'Asia/Tokyo' b'GMT+9'
Timezone difference to GMT+0 32400 s
Coordinates 36.79999923706055°N 138.75°E
Elevation 1260.0 m asl
Timezone b'Asia/Tokyo' b'GMT+9'
Timezone difference to GMT+0 32400 s
Coordinates 37.70000076293945°N 139.375°E
Elevation 28.0 m asl
Timezone b'Asia/Tokyo' b'GMT+9'
Timezone difference to GMT+0 32400 s
Coordinates 37.95000076293945°N 139.4375°E
Elevation 152.0 m asl
Timezone b'Asia/Tokyo' b'GMT+9'
Timezone difference to GMT+0 32400 s
Sun Feb  8 21:00:01 2026Database Updated.
Sun Feb  8 22:00:01 2026updating database now.
Coordinates 38.0°N 139.5°E
Elevation 122.0 m asl
Timezone b'Asia/Tokyo' b'GMT+9'
Timezone difference to GMT+0 32400 s
Coordinates 36.79999923706055°N 138.75°E
Elevation 1260.0 m asl
Timezone b'Asia/Tokyo' b'GMT+9'
Timezone difference to GMT+0 32400 s
Coordinates 37.70000076293945°N 139.375°E
Elevation 28.0 m asl
Timezone b'Asia/Tokyo' b'GMT+9'
Timezone difference to GMT+0 32400 s
Coordinates 37.95000076293945°N 139.4375°E
Elevation 152.0 m asl
Timezone b'Asia/Tokyo' b'GMT+9'
Timezone difference to GMT+0 32400 s
Sun Feb  8 22:00:14 2026Database Updated.
Sun Feb  8 23:00:01 2026updating database now.
Coordinates 38.0°N 139.5°E
Elevation 122.0 m asl
Timezone b'Asia/Tokyo' b'GMT+9'
Timezone difference to GMT+0 32400 s
Coordinates 36.79999923706055°N 138.75°E
Elevation 1260.0 m asl
Timezone b'Asia/Tokyo' b'GMT+9'
Timezone difference to GMT+0 32400 s
Coordinates 37.70000076293945°N 139.375°E
Elevation 28.0 m asl
Timezone b'Asia/Tokyo' b'GMT+9'
Timezone difference to GMT+0 32400 s
Coordinates 37.95000076293945°N 139.4375°E
Elevation 152.0 m asl
Timezone b'Asia/Tokyo' b'GMT+9'
Timezone difference to GMT+0 32400 s
Sun Feb  8 23:00:01 2026Database Updated.
Mon Feb  9 00:00:02 2026updating database now.
Coordinates 38.0°N 139.5°E
Elevation 122.0 m asl
Timezone b'Asia/Tokyo' b'GMT+9'
Timezone difference to GMT+0 32400 s
Coordinates 36.79999923706055°N 138.75°E
Elevation 1260.0 m asl
Timezone b'Asia/Tokyo' b'GMT+9'
Timezone difference to GMT+0 32400 s
Coordinates 37.70000076293945°N 139.375°E
Elevation 28.0 m asl
Timezone b'Asia/Tokyo' b'GMT+9'
Timezone difference to GMT+0 32400 s
Coordinates 37.95000076293945°N 139.4375°E
Elevation 152.0 m asl
Timezone b'Asia/Tokyo' b'GMT+9'
Timezone difference to GMT+0 32400 s
Mon Feb  9 00:00:15 2026Database Updated.
Mon Feb  9 01:00:02 2026updating database now.
Coordinates 38.0°N 139.5°E
Elevation 122.0 m asl
Timezone b'Asia/Tokyo' b'GMT+9'
Timezone difference to GMT+0 32400 s
Coordinates 36.79999923706055°N 138.75°E
Elevation 1260.0 m asl
Timezone b'Asia/Tokyo' b'GMT+9'
Timezone difference to GMT+0 32400 s
Coordinates 37.70000076293945°N 139.375°E
Elevation 28.0 m asl
Timezone b'Asia/Tokyo' b'GMT+9'
Timezone difference to GMT+0 32400 s
Coordinates 37.95000076293945°N 139.4375°E
Elevation 152.0 m asl
Timezone b'Asia/Tokyo' b'GMT+9'
Timezone difference to GMT+0 32400 s
Mon Feb  9 01:00:02 2026Database Updated.
Mon Feb  9 02:00:01 2026updating database now.
Coordinates 38.0°N 139.5°E
Elevation 122.0 m asl
Timezone b'Asia/Tokyo' b'GMT+9'
Timezone difference to GMT+0 32400 s
Coordinates 36.79999923706055°N 138.75°E
Elevation 1260.0 m asl
Timezone b'Asia/Tokyo' b'GMT+9'
Timezone difference to GMT+0 32400 s
Coordinates 37.70000076293945°N 139.375°E
Elevation 28.0 m asl
Timezone b'Asia/Tokyo' b'GMT+9'
Timezone difference to GMT+0 32400 s
Coordinates 37.95000076293945°N 139.4375°E
Elevation 152.0 m asl
Timezone b'Asia/Tokyo' b'GMT+9'
Timezone difference to GMT+0 32400 s
Mon Feb  9 02:00:17 2026Database Updated.
Mon Feb  9 03:00:01 2026updating database now.
Coordinates 38.0°N 139.5°E
Elevation 122.0 m asl
Timezone b'Asia/Tokyo' b'GMT+9'
Timezone difference to GMT+0 32400 s
Coordinates 36.79999923706055°N 138.75°E
Elevation 1260.0 m asl
Timezone b'Asia/Tokyo' b'GMT+9'
Timezone difference to GMT+0 32400 s
Coordinates 37.70000076293945°N 139.375°E
Elevation 28.0 m asl
Timezone b'Asia/Tokyo' b'GMT+9'
Timezone difference to GMT+0 32400 s
Coordinates 37.95000076293945°N 139.4375°E
Elevation 152.0 m asl
Timezone b'Asia/Tokyo' b'GMT+9'
Timezone difference to GMT+0 32400 s
Mon Feb  9 03:00:01 2026Database Updated.
Mon Feb  9 04:00:01 2026updating database now.
Coordinates 38.0°N 139.5°E
Elevation 122.0 m asl
Timezone b'Asia/Tokyo' b'GMT+9'
Timezone difference to GMT+0 32400 s
Coordinates 36.79999923706055°N 138.75°E
Elevation 1260.0 m asl
Timezone b'Asia/Tokyo' b'GMT+9'
Timezone difference to GMT+0 32400 s
Coordinates 37.70000076293945°N 139.375°E
Elevation 28.0 m asl
Timezone b'Asia/Tokyo' b'GMT+9'
Timezone difference to GMT+0 32400 s
Coordinates 37.95000076293945°N 139.4375°E
Elevation 152.0 m asl
Timezone b'Asia/Tokyo' b'GMT+9'
Timezone difference to GMT+0 32400 s
Mon Feb  9 04:00:13 2026Database Updated.
Mon Feb  9 05:00:02 2026updating database now.
Coordinates 38.0°N 139.5°E
Elevation 122.0 m asl
Timezone b'Asia/Tokyo' b'GMT+9'
Timezone difference to GMT+0 32400 s
Coordinates 36.79999923706055°N 138.75°E
Elevation 1260.0 m asl
Timezone b'Asia/Tokyo' b'GMT+9'
Timezone difference to GMT+0 32400 s
Coordinates 37.70000076293945°N 139.375°E
Elevation 28.0 m asl
Timezone b'Asia/Tokyo' b'GMT+9'
Timezone difference to GMT+0 32400 s
Coordinates 37.95000076293945°N 139.4375°E
Elevation 152.0 m asl
Timezone b'Asia/Tokyo' b'GMT+9'
Timezone difference to GMT+0 32400 s
Mon Feb  9 05:00:02 2026Database Updated.
Mon Feb  9 06:00:01 2026updating database now.
Coordinates 38.0°N 139.5°E
Elevation 122.0 m asl
Timezone b'Asia/Tokyo' b'GMT+9'
Timezone difference to GMT+0 32400 s
Coordinates 36.79999923706055°N 138.75°E
Elevation 1260.0 m asl
Timezone b'Asia/Tokyo' b'GMT+9'
Timezone difference to GMT+0 32400 s
Coordinates 37.70000076293945°N 139.375°E
Elevation 28.0 m asl
Timezone b'Asia/Tokyo' b'GMT+9'
Timezone difference to GMT+0 32400 s
Coordinates 37.95000076293945°N 139.4375°E
Elevation 152.0 m asl
Timezone b'Asia/Tokyo' b'GMT+9'
Timezone difference to GMT+0 32400 s
Mon Feb  9 06:00:11 2026Database Updated.
Mon Feb  9 07:00:01 2026updating database now.
Coordinates 38.0°N 139.5°E
Elevation 122.0 m asl
Timezone b'Asia/Tokyo' b'GMT+9'
Timezone difference to GMT+0 32400 s
Coordinates 36.79999923706055°N 138.75°E
Elevation 1260.0 m asl
Timezone b'Asia/Tokyo' b'GMT+9'
Timezone difference to GMT+0 32400 s
Coordinates 37.70000076293945°N 139.375°E
Elevation 28.0 m asl
Timezone b'Asia/Tokyo' b'GMT+9'
Timezone difference to GMT+0 32400 s
Coordinates 37.95000076293945°N 139.4375°E
Elevation 152.0 m asl
Timezone b'Asia/Tokyo' b'GMT+9'
Timezone difference to GMT+0 32400 s
Mon Feb  9 07:00:01 2026Database Updated.
Mon Feb  9 09:00:01 2026updating database now.
Coordinates 38.0°N 139.5°E
Elevation 122.0 m asl
Timezone b'Asia/Tokyo' b'GMT+9'
Timezone difference to GMT+0 32400 s
Coordinates 36.79999923706055°N 138.75°E
Elevation 1260.0 m asl
Timezone b'Asia/Tokyo' b'GMT+9'
Timezone difference to GMT+0 32400 s
Coordinates 37.70000076293945°N 139.375°E
Elevation 28.0 m asl
Timezone b'Asia/Tokyo' b'GMT+9'
Timezone difference to GMT+0 32400 s
Coordinates 37.95000076293945°N 139.4375°E
Elevation 152.0 m asl
Timezone b'Asia/Tokyo' b'GMT+9'
Timezone difference to GMT+0 32400 s
Mon Feb  9 09:00:15 2026Database Updated.


Mon Feb  9 10:00:01 2026, updating database now.

Coordinates 38.0°N 139.5°E
Elevation 122.0 m asl
Timezone b'Asia/Tokyo' b'GMT+9'
Timezone difference to GMT+0 32400 s
Coordinates 36.79999923706055°N 138.75°E
Elevation 1260.0 m asl
Timezone b'Asia/Tokyo' b'GMT+9'
Timezone difference to GMT+0 32400 s
Coordinates 37.70000076293945°N 139.375°E
Elevation 28.0 m asl
Timezone b'Asia/Tokyo' b'GMT+9'
Timezone difference to GMT+0 32400 s
Coordinates 37.95000076293945°N 139.4375°E
Elevation 152.0 m asl
Timezone b'Asia/Tokyo' b'GMT+9'
Timezone difference to GMT+0 32400 s

Mon Feb  9 10:00:01 2026, Database Updated.



Mon Feb  9 11:00:02 2026, updating database now.

Coordinates 38.0°N 139.5°E
Elevation 122.0 m asl
Timezone b'Asia/Tokyo' b'GMT+9'
Timezone difference to GMT+0 32400 s
Coordinates 36.79999923706055°N 138.75°E
Elevation 1260.0 m asl
Timezone b'Asia/Tokyo' b'GMT+9'
Timezone difference to GMT+0 32400 s
Traceback (most recent call last):
  File "/Users/rustydotson/Projects/NiigataSkiStatus/venv/lib/python3.13/site-packages/urllib3/connection.py", line 198, in _new_conn
    sock = connection.create_connection(
        (self._dns_host, self.port),
    ...<2 lines>...
        socket_options=self.socket_options,
    )
  File "/Users/rustydotson/Projects/NiigataSkiStatus/venv/lib/python3.13/site-packages/urllib3/util/connection.py", line 60, in create_connection
    for res in socket.getaddrinfo(host, port, family, socket.SOCK_STREAM):
               ~~~~~~~~~~~~~~~~~~^^^^^^^^^^^^^^^^^^^^^^^^^^^^^^^^^^^^^^^^
  File "/Library/Frameworks/Python.framework/Versions/3.13/lib/python3.13/socket.py", line 975, in getaddrinfo
    for res in _socket.getaddrinfo(host, port, family, type, proto, flags):
               ~~~~~~~~~~~~~~~~~~~^^^^^^^^^^^^^^^^^^^^^^^^^^^^^^^^^^^^^^^^
socket.gaierror: [Errno 8] nodename nor servname provided, or not known

The above exception was the direct cause of the following exception:

Traceback (most recent call last):
  File "/Users/rustydotson/Projects/NiigataSkiStatus/venv/lib/python3.13/site-packages/urllib3/connectionpool.py", line 787, in urlopen
    response = self._make_request(
        conn,
    ...<10 lines>...
        **response_kw,
    )
  File "/Users/rustydotson/Projects/NiigataSkiStatus/venv/lib/python3.13/site-packages/urllib3/connectionpool.py", line 488, in _make_request
    raise new_e
  File "/Users/rustydotson/Projects/NiigataSkiStatus/venv/lib/python3.13/site-packages/urllib3/connectionpool.py", line 464, in _make_request
    self._validate_conn(conn)
    ~~~~~~~~~~~~~~~~~~~^^^^^^
  File "/Users/rustydotson/Projects/NiigataSkiStatus/venv/lib/python3.13/site-packages/urllib3/connectionpool.py", line 1093, in _validate_conn
    conn.connect()
    ~~~~~~~~~~~~^^
  File "/Users/rustydotson/Projects/NiigataSkiStatus/venv/lib/python3.13/site-packages/urllib3/connection.py", line 704, in connect
    self.sock = sock = self._new_conn()
                       ~~~~~~~~~~~~~~^^
  File "/Users/rustydotson/Projects/NiigataSkiStatus/venv/lib/python3.13/site-packages/urllib3/connection.py", line 205, in _new_conn
    raise NameResolutionError(self.host, self, e) from e
urllib3.exceptions.NameResolutionError: <urllib3.connection.HTTPSConnection object at 0x10b71e0d0>: Failed to resolve 'api.open-meteo.com' ([Errno 8] nodename nor servname provided, or not known)

The above exception was the direct cause of the following exception:

Traceback (most recent call last):
  File "/Users/rustydotson/Projects/NiigataSkiStatus/venv/lib/python3.13/site-packages/requests/adapters.py", line 667, in send
    resp = conn.urlopen(
        method=request.method,
    ...<9 lines>...
        chunked=chunked,
    )
  File "/Users/rustydotson/Projects/NiigataSkiStatus/venv/lib/python3.13/site-packages/urllib3/connectionpool.py", line 871, in urlopen
    return self.urlopen(
           ~~~~~~~~~~~~^
        method,
        ^^^^^^^
    ...<13 lines>...
        **response_kw,
        ^^^^^^^^^^^^^^
    )
    ^
  File "/Users/rustydotson/Projects/NiigataSkiStatus/venv/lib/python3.13/site-packages/urllib3/connectionpool.py", line 871, in urlopen
    return self.urlopen(
           ~~~~~~~~~~~~^
        method,
        ^^^^^^^
    ...<13 lines>...
        **response_kw,
        ^^^^^^^^^^^^^^
    )
    ^
  File "/Users/rustydotson/Projects/NiigataSkiStatus/venv/lib/python3.13/site-packages/urllib3/connectionpool.py", line 871, in urlopen
    return self.urlopen(
           ~~~~~~~~~~~~^
        method,
        ^^^^^^^
    ...<13 lines>...
        **response_kw,
        ^^^^^^^^^^^^^^
    )
    ^
  [Previous line repeated 2 more times]
  File "/Users/rustydotson/Projects/NiigataSkiStatus/venv/lib/python3.13/site-packages/urllib3/connectionpool.py", line 841, in urlopen
    retries = retries.increment(
        method, url, error=new_e, _pool=self, _stacktrace=sys.exc_info()[2]
    )
  File "/Users/rustydotson/Projects/NiigataSkiStatus/venv/lib/python3.13/site-packages/urllib3/util/retry.py", line 519, in increment
    raise MaxRetryError(_pool, url, reason) from reason  # type: ignore[arg-type]
    ^^^^^^^^^^^^^^^^^^^^^^^^^^^^^^^^^^^^^^^^^^^^^^^^^^^
urllib3.exceptions.MaxRetryError: HTTPSConnectionPool(host='api.open-meteo.com', port=443): Max retries exceeded with url: /v1/forecast?latitude=37.72&longitude=139.37&daily=weather_code&daily=temperature_2m_max&daily=temperature_2m_min&daily=rain_sum&daily=snowfall_sum&daily=wind_speed_10m_max&daily=wind_direction_10m_dominant&timezone=Asia%2FTokyo&forecast_days=1&models=jma_seamless&format=flatbuffers (Caused by NameResolutionError("<urllib3.connection.HTTPSConnection object at 0x10b71e0d0>: Failed to resolve 'api.open-meteo.com' ([Errno 8] nodename nor servname provided, or not known)"))

During handling of the above exception, another exception occurred:

Traceback (most recent call last):
  File "/Users/rustydotson/Projects/NiigataSkiStatus/scheduled_collection.py", line 22, in <module>
    request_weather_info()
    ~~~~~~~~~~~~~~~~~~~~^^
  File "/Users/rustydotson/Projects/NiigataSkiStatus/scheduled_collection.py", line 7, in request_weather_info
    openmeteo_request.update_db()
    ~~~~~~~~~~~~~~~~~~~~~~~~~~~^^
  File "/Users/rustydotson/Projects/NiigataSkiStatus/openmeteo_request.py", line 97, in update_db
    fetched_weather_data = get_data(row[1], row[2])
  File "/Users/rustydotson/Projects/NiigataSkiStatus/openmeteo_request.py", line 31, in get_data
    responses = openmeteo.weather_api(url, params=params)
  File "/Users/rustydotson/Projects/NiigataSkiStatus/venv/lib/python3.13/site-packages/openmeteo_requests/Client.py", line 54, in weather_api
    return self._get(WeatherApiResponse, url, params, method, verify)
           ~~~~~~~~~^^^^^^^^^^^^^^^^^^^^^^^^^^^^^^^^^^^^^^^^^^^^^^^^^
  File "/Users/rustydotson/Projects/NiigataSkiStatus/venv/lib/python3.13/site-packages/openmeteo_requests/Client.py", line 31, in _get
    response = self.session.request("GET", url, params=params, verify=verify)
  File "/Users/rustydotson/Projects/NiigataSkiStatus/venv/lib/python3.13/site-packages/requests_cache/session.py", line 183, in request
    return super().request(method, url, *args, headers=headers, **kwargs)  # type: ignore
           ~~~~~~~~~~~~~~~^^^^^^^^^^^^^^^^^^^^^^^^^^^^^^^^^^^^^^^^^^^^^^^
  File "/Users/rustydotson/Projects/NiigataSkiStatus/venv/lib/python3.13/site-packages/requests/sessions.py", line 589, in request
    resp = self.send(prep, **send_kwargs)
  File "/Users/rustydotson/Projects/NiigataSkiStatus/venv/lib/python3.13/site-packages/requests_cache/session.py", line 228, in send
    response = self._resend(request, actions, cached_response, **kwargs)  # type: ignore
  File "/Users/rustydotson/Projects/NiigataSkiStatus/venv/lib/python3.13/site-packages/requests_cache/session.py", line 294, in _resend
    return self._handle_error(cached_response, actions)
           ~~~~~~~~~~~~~~~~~~^^^^^^^^^^^^^^^^^^^^^^^^^^
  File "/Users/rustydotson/Projects/NiigataSkiStatus/venv/lib/python3.13/site-packages/requests_cache/session.py", line 286, in _resend
    response = self._send_and_cache(request, actions, cached_response, **kwargs)
  File "/Users/rustydotson/Projects/NiigataSkiStatus/venv/lib/python3.13/site-packages/requests_cache/session.py", line 254, in _send_and_cache
    response = super().send(request, **kwargs)
  File "/Users/rustydotson/Projects/NiigataSkiStatus/venv/lib/python3.13/site-packages/requests/sessions.py", line 703, in send
    r = adapter.send(request, **kwargs)
  File "/Users/rustydotson/Projects/NiigataSkiStatus/venv/lib/python3.13/site-packages/requests/adapters.py", line 700, in send
    raise ConnectionError(e, request=request)
requests.exceptions.ConnectionError: HTTPSConnectionPool(host='api.open-meteo.com', port=443): Max retries exceeded with url: /v1/forecast?latitude=37.72&longitude=139.37&daily=weather_code&daily=temperature_2m_max&daily=temperature_2m_min&daily=rain_sum&daily=snowfall_sum&daily=wind_speed_10m_max&daily=wind_direction_10m_dominant&timezone=Asia%2FTokyo&forecast_days=1&models=jma_seamless&format=flatbuffers (Caused by NameResolutionError("<urllib3.connection.HTTPSConnection object at 0x10b71e0d0>: Failed to resolve 'api.open-meteo.com' ([Errno 8] nodename nor servname provided, or not known)"))


Mon Feb  9 12:00:02 2026, updating database now.

Coordinates 38.0°N 139.5°E
Elevation 122.0 m asl
Timezone b'Asia/Tokyo' b'GMT+9'
Timezone difference to GMT+0 32400 s
Coordinates 36.79999923706055°N 138.75°E
Elevation 1260.0 m asl
Timezone b'Asia/Tokyo' b'GMT+9'
Timezone difference to GMT+0 32400 s
Coordinates 37.70000076293945°N 139.375°E
Elevation 28.0 m asl
Timezone b'Asia/Tokyo' b'GMT+9'
Timezone difference to GMT+0 32400 s
Coordinates 37.95000076293945°N 139.4375°E
Elevation 152.0 m asl
Timezone b'Asia/Tokyo' b'GMT+9'
Timezone difference to GMT+0 32400 s
Coordinates 36.849998474121094°N 138.75°E
Elevation 1672.0 m asl
Timezone b'Asia/Tokyo' b'GMT+9'
Timezone difference to GMT+0 32400 s
Coordinates 36.900001525878906°N 138.125°E
Elevation 1833.0 m asl
Timezone b'Asia/Tokyo' b'GMT+9'
Timezone difference to GMT+0 32400 s
Coordinates 36.95000076293945°N 138.875°E
Elevation 785.0 m asl
Timezone b'Asia/Tokyo' b'GMT+9'
Timezone difference to GMT+0 32400 s

Mon Feb  9 12:00:22 2026, Database Updated.



Mon Feb  9 14:00:01 2026, updating database now.

Coordinates 38.0°N 139.5°E
Elevation 122.0 m asl
Timezone b'Asia/Tokyo' b'GMT+9'
Timezone difference to GMT+0 32400 s
Coordinates 36.79999923706055°N 138.75°E
Elevation 1260.0 m asl
Timezone b'Asia/Tokyo' b'GMT+9'
Timezone difference to GMT+0 32400 s
Coordinates 37.70000076293945°N 139.375°E
Elevation 28.0 m asl
Timezone b'Asia/Tokyo' b'GMT+9'
Timezone difference to GMT+0 32400 s
Coordinates 37.95000076293945°N 139.4375°E
Elevation 152.0 m asl
Timezone b'Asia/Tokyo' b'GMT+9'
Timezone difference to GMT+0 32400 s
Coordinates 36.849998474121094°N 138.75°E
Elevation 1672.0 m asl
Timezone b'Asia/Tokyo' b'GMT+9'
Timezone difference to GMT+0 32400 s
Coordinates 36.900001525878906°N 138.125°E
Elevation 1833.0 m asl
Timezone b'Asia/Tokyo' b'GMT+9'
Timezone difference to GMT+0 32400 s
Coordinates 36.95000076293945°N 138.875°E
Elevation 785.0 m asl
Timezone b'Asia/Tokyo' b'GMT+9'
Timezone difference to GMT+0 32400 s

Mon Feb  9 14:00:22 2026, Database Updated.

Trying to open DB at: /Users/rustydotson/Projects/NiigataSkiStatus/data/weather.db
Exists? True
Dir exists? True


Mon Feb  9 15:00:01 2026, updating database now.

Coordinates 38.0°N 139.5°E
Elevation 122.0 m asl
Timezone b'Asia/Tokyo' b'GMT+9'
Timezone difference to GMT+0 32400 s
Coordinates 36.79999923706055°N 138.75°E
Elevation 1260.0 m asl
Timezone b'Asia/Tokyo' b'GMT+9'
Timezone difference to GMT+0 32400 s
Coordinates 37.70000076293945°N 139.375°E
Elevation 28.0 m asl
Timezone b'Asia/Tokyo' b'GMT+9'
Timezone difference to GMT+0 32400 s
Coordinates 37.95000076293945°N 139.4375°E
Elevation 152.0 m asl
Timezone b'Asia/Tokyo' b'GMT+9'
Timezone difference to GMT+0 32400 s
Coordinates 36.849998474121094°N 138.75°E
Elevation 1672.0 m asl
Timezone b'Asia/Tokyo' b'GMT+9'
Timezone difference to GMT+0 32400 s
Coordinates 36.900001525878906°N 138.125°E
Elevation 1833.0 m asl
Timezone b'Asia/Tokyo' b'GMT+9'
Timezone difference to GMT+0 32400 s
Coordinates 36.95000076293945°N 138.875°E
Elevation 785.0 m asl
Timezone b'Asia/Tokyo' b'GMT+9'
Timezone difference to GMT+0 32400 s

Mon Feb  9 15:00:01 2026, Database Updated.

Trying to open DB at: /Users/rustydotson/Projects/NiigataSkiStatus/data/weather.db
Exists? True
Dir exists? True


Mon Feb  9 16:00:01 2026, updating database now.

Coordinates 38.0°N 139.5°E
Elevation 122.0 m asl
Timezone b'Asia/Tokyo' b'GMT+9'
Timezone difference to GMT+0 32400 s
Coordinates 36.79999923706055°N 138.75°E
Elevation 1260.0 m asl
Timezone b'Asia/Tokyo' b'GMT+9'
Timezone difference to GMT+0 32400 s
Coordinates 37.70000076293945°N 139.375°E
Elevation 28.0 m asl
Timezone b'Asia/Tokyo' b'GMT+9'
Timezone difference to GMT+0 32400 s
Coordinates 37.95000076293945°N 139.4375°E
Elevation 152.0 m asl
Timezone b'Asia/Tokyo' b'GMT+9'
Timezone difference to GMT+0 32400 s
Coordinates 36.849998474121094°N 138.75°E
Elevation 1672.0 m asl
Timezone b'Asia/Tokyo' b'GMT+9'
Timezone difference to GMT+0 32400 s
Coordinates 36.900001525878906°N 138.125°E
Elevation 1833.0 m asl
Timezone b'Asia/Tokyo' b'GMT+9'
Timezone difference to GMT+0 32400 s
Coordinates 36.95000076293945°N 138.875°E
Elevation 785.0 m asl
Timezone b'Asia/Tokyo' b'GMT+9'
Timezone difference to GMT+0 32400 s

Mon Feb  9 16:00:22 2026, Database Updated.

Traceback (most recent call last):
  File "/Users/rustydotson/Projects/NiigataSkiStatus/scheduled_collection.py", line 1, in <module>
    import openmeteo_request
  File "/Users/rustydotson/Projects/NiigataSkiStatus/openmeteo_request.py", line 9, in <module>
    from db import get_db_connection
  File "/Users/rustydotson/Projects/NiigataSkiStatus/db.py", line 2, in <module>
    import psycopg2
ModuleNotFoundError: No module named 'psycopg2'
Traceback (most recent call last):
  File "/Users/rustydotson/Projects/NiigataSkiStatus/scheduled_collection.py", line 1, in <module>
    import openmeteo_request
  File "/Users/rustydotson/Projects/NiigataSkiStatus/openmeteo_request.py", line 9, in <module>
    from db import get_db_connection
  File "/Users/rustydotson/Projects/NiigataSkiStatus/db.py", line 2, in <module>
    import psycopg2
ModuleNotFoundError: No module named 'psycopg2'
Traceback (most recent call last):
  File "/Users/rustydotson/Projects/NiigataSkiStatus/scheduled_collection.py", line 1, in <module>
    import openmeteo_request
  File "/Users/rustydotson/Projects/NiigataSkiStatus/openmeteo_request.py", line 9, in <module>
    from db import get_db_connection
  File "/Users/rustydotson/Projects/NiigataSkiStatus/db.py", line 2, in <module>
    import psycopg2
ModuleNotFoundError: No module named 'psycopg2'
Traceback (most recent call last):
  File "/Users/rustydotson/Projects/NiigataSkiStatus/scheduled_collection.py", line 1, in <module>
    import openmeteo_request
  File "/Users/rustydotson/Projects/NiigataSkiStatus/openmeteo_request.py", line 9, in <module>
    from db import get_db_connection
  File "/Users/rustydotson/Projects/NiigataSkiStatus/db.py", line 2, in <module>
    import psycopg2
ModuleNotFoundError: No module named 'psycopg2'
Traceback (most recent call last):
  File "/Users/rustydotson/Projects/NiigataSkiStatus/scheduled_collection.py", line 1, in <module>
    import openmeteo_request
  File "/Users/rustydotson/Projects/NiigataSkiStatus/openmeteo_request.py", line 9, in <module>
    from db import get_db_connection
  File "/Users/rustydotson/Projects/NiigataSkiStatus/db.py", line 2, in <module>
    import psycopg2
ModuleNotFoundError: No module named 'psycopg2'
Traceback (most recent call last):
  File "/Users/rustydotson/Projects/NiigataSkiStatus/scheduled_collection.py", line 1, in <module>
    import openmeteo_request
  File "/Users/rustydotson/Projects/NiigataSkiStatus/openmeteo_request.py", line 9, in <module>
    from db import get_db_connection
  File "/Users/rustydotson/Projects/NiigataSkiStatus/db.py", line 2, in <module>
    import psycopg2
ModuleNotFoundError: No module named 'psycopg2'
Traceback (most recent call last):
  File "/Users/rustydotson/Projects/NiigataSkiStatus/scheduled_collection.py", line 1, in <module>
    import openmeteo_request
  File "/Users/rustydotson/Projects/NiigataSkiStatus/openmeteo_request.py", line 9, in <module>
    from db import get_db_connection
  File "/Users/rustydotson/Projects/NiigataSkiStatus/db.py", line 2, in <module>
    import psycopg2
ModuleNotFoundError: No module named 'psycopg2'
Traceback (most recent call last):
  File "/Users/rustydotson/Projects/NiigataSkiStatus/scheduled_collection.py", line 1, in <module>
    import openmeteo_request
  File "/Users/rustydotson/Projects/NiigataSkiStatus/openmeteo_request.py", line 9, in <module>
    from db import get_db_connection
  File "/Users/rustydotson/Projects/NiigataSkiStatus/db.py", line 2, in <module>
    import psycopg2
ModuleNotFoundError: No module named 'psycopg2'
Traceback (most recent call last):
  File "/Users/rustydotson/Projects/NiigataSkiStatus/scheduled_collection.py", line 1, in <module>
    import openmeteo_request
  File "/Users/rustydotson/Projects/NiigataSkiStatus/openmeteo_request.py", line 9, in <module>
    from db import get_db_connection
  File "/Users/rustydotson/Projects/NiigataSkiStatus/db.py", line 2, in <module>
    import psycopg
  File "/Users/rustydotson/Projects/NiigataSkiStatus/venv/lib/python3.13/site-packages/psycopg/__init__.py", line 9, in <module>
    from . import pq  # noqa: F401 import early to stabilize side effects
    ^^^^^^^^^^^^^^^^
  File "/Users/rustydotson/Projects/NiigataSkiStatus/venv/lib/python3.13/site-packages/psycopg/pq/__init__.py", line 116, in <module>
    import_from_libpq()
    ~~~~~~~~~~~~~~~~~^^
  File "/Users/rustydotson/Projects/NiigataSkiStatus/venv/lib/python3.13/site-packages/psycopg/pq/__init__.py", line 108, in import_from_libpq
            raise ImportError(
    ...<4 lines>...
            )
ImportError: no pq wrapper available.
Attempts made:
- couldn't import psycopg 'c' implementation: No module named 'psycopg_c'
- couldn't import psycopg 'binary' implementation: No module named 'psycopg_binary'
- couldn't import psycopg 'python' implementation: libpq library not found
Traceback (most recent call last):
  File "/Users/rustydotson/Projects/NiigataSkiStatus/scheduled_collection.py", line 1, in <module>
    import openmeteo_request
  File "/Users/rustydotson/Projects/NiigataSkiStatus/openmeteo_request.py", line 9, in <module>
    from db import get_db_connection
  File "/Users/rustydotson/Projects/NiigataSkiStatus/db.py", line 2, in <module>
    import psycopg
  File "/Users/rustydotson/Projects/NiigataSkiStatus/venv/lib/python3.13/site-packages/psycopg/__init__.py", line 9, in <module>
    from . import pq  # noqa: F401 import early to stabilize side effects
    ^^^^^^^^^^^^^^^^
  File "/Users/rustydotson/Projects/NiigataSkiStatus/venv/lib/python3.13/site-packages/psycopg/pq/__init__.py", line 116, in <module>
    import_from_libpq()
    ~~~~~~~~~~~~~~~~~^^
  File "/Users/rustydotson/Projects/NiigataSkiStatus/venv/lib/python3.13/site-packages/psycopg/pq/__init__.py", line 108, in import_from_libpq
            raise ImportError(
    ...<4 lines>...
            )
ImportError: no pq wrapper available.
Attempts made:
- couldn't import psycopg 'c' implementation: No module named 'psycopg_c'
- couldn't import psycopg 'binary' implementation: No module named 'psycopg_binary'
- couldn't import psycopg 'python' implementation: libpq library not found
Traceback (most recent call last):
  File "/Users/rustydotson/Projects/NiigataSkiStatus/scheduled_collection.py", line 1, in <module>
    import openmeteo_request
  File "/Users/rustydotson/Projects/NiigataSkiStatus/openmeteo_request.py", line 9, in <module>
    from db import get_db_connection
  File "/Users/rustydotson/Projects/NiigataSkiStatus/db.py", line 2, in <module>
    import psycopg
  File "/Users/rustydotson/Projects/NiigataSkiStatus/venv/lib/python3.13/site-packages/psycopg/__init__.py", line 9, in <module>
    from . import pq  # noqa: F401 import early to stabilize side effects
    ^^^^^^^^^^^^^^^^
  File "/Users/rustydotson/Projects/NiigataSkiStatus/venv/lib/python3.13/site-packages/psycopg/pq/__init__.py", line 116, in <module>
    import_from_libpq()
    ~~~~~~~~~~~~~~~~~^^
  File "/Users/rustydotson/Projects/NiigataSkiStatus/venv/lib/python3.13/site-packages/psycopg/pq/__init__.py", line 108, in import_from_libpq
            raise ImportError(
    ...<4 lines>...
            )
ImportError: no pq wrapper available.
Attempts made:
- couldn't import psycopg 'c' implementation: No module named 'psycopg_c'
- couldn't import psycopg 'binary' implementation: No module named 'psycopg_binary'
- couldn't import psycopg 'python' implementation: libpq library not found
Traceback (most recent call last):
  File "/Users/rustydotson/Projects/NiigataSkiStatus/scheduled_collection.py", line 1, in <module>
    import openmeteo_request
  File "/Users/rustydotson/Projects/NiigataSkiStatus/openmeteo_request.py", line 9, in <module>
    from db import get_db_connection
  File "/Users/rustydotson/Projects/NiigataSkiStatus/db.py", line 2, in <module>
    import psycopg
  File "/Users/rustydotson/Projects/NiigataSkiStatus/venv/lib/python3.13/site-packages/psycopg/__init__.py", line 9, in <module>
    from . import pq  # noqa: F401 import early to stabilize side effects
    ^^^^^^^^^^^^^^^^
  File "/Users/rustydotson/Projects/NiigataSkiStatus/venv/lib/python3.13/site-packages/psycopg/pq/__init__.py", line 116, in <module>
    import_from_libpq()
    ~~~~~~~~~~~~~~~~~^^
  File "/Users/rustydotson/Projects/NiigataSkiStatus/venv/lib/python3.13/site-packages/psycopg/pq/__init__.py", line 108, in import_from_libpq
            raise ImportError(
    ...<4 lines>...
            )
ImportError: no pq wrapper available.
Attempts made:
- couldn't import psycopg 'c' implementation: No module named 'psycopg_c'
- couldn't import psycopg 'binary' implementation: No module named 'psycopg_binary'
- couldn't import psycopg 'python' implementation: libpq library not found
Traceback (most recent call last):
  File "/Users/rustydotson/Projects/NiigataSkiStatus/scheduled_collection.py", line 1, in <module>
    import openmeteo_request
  File "/Users/rustydotson/Projects/NiigataSkiStatus/openmeteo_request.py", line 9, in <module>
    from db import get_db_connection
  File "/Users/rustydotson/Projects/NiigataSkiStatus/db.py", line 2, in <module>
    import psycopg
  File "/Users/rustydotson/Projects/NiigataSkiStatus/venv/lib/python3.13/site-packages/psycopg/__init__.py", line 9, in <module>
    from . import pq  # noqa: F401 import early to stabilize side effects
    ^^^^^^^^^^^^^^^^
  File "/Users/rustydotson/Projects/NiigataSkiStatus/venv/lib/python3.13/site-packages/psycopg/pq/__init__.py", line 116, in <module>
    import_from_libpq()
    ~~~~~~~~~~~~~~~~~^^
  File "/Users/rustydotson/Projects/NiigataSkiStatus/venv/lib/python3.13/site-packages/psycopg/pq/__init__.py", line 108, in import_from_libpq
            raise ImportError(
    ...<4 lines>...
            )
ImportError: no pq wrapper available.
Attempts made:
- couldn't import psycopg 'c' implementation: No module named 'psycopg_c'
- couldn't import psycopg 'binary' implementation: No module named 'psycopg_binary'
- couldn't import psycopg 'python' implementation: libpq library not found
Traceback (most recent call last):
  File "/Users/rustydotson/Projects/NiigataSkiStatus/scheduled_collection.py", line 1, in <module>
    import openmeteo_request
  File "/Users/rustydotson/Projects/NiigataSkiStatus/openmeteo_request.py", line 9, in <module>
    from db import get_db_connection
  File "/Users/rustydotson/Projects/NiigataSkiStatus/db.py", line 2, in <module>
    import psycopg
  File "/Users/rustydotson/Projects/NiigataSkiStatus/venv/lib/python3.13/site-packages/psycopg/__init__.py", line 9, in <module>
    from . import pq  # noqa: F401 import early to stabilize side effects
    ^^^^^^^^^^^^^^^^
  File "/Users/rustydotson/Projects/NiigataSkiStatus/venv/lib/python3.13/site-packages/psycopg/pq/__init__.py", line 116, in <module>
    import_from_libpq()
    ~~~~~~~~~~~~~~~~~^^
  File "/Users/rustydotson/Projects/NiigataSkiStatus/venv/lib/python3.13/site-packages/psycopg/pq/__init__.py", line 108, in import_from_libpq
            raise ImportError(
    ...<4 lines>...
            )
ImportError: no pq wrapper available.
Attempts made:
- couldn't import psycopg 'c' implementation: No module named 'psycopg_c'
- couldn't import psycopg 'binary' implementation: No module named 'psycopg_binary'
- couldn't import psycopg 'python' implementation: libpq library not found
Traceback (most recent call last):
  File "/Users/rustydotson/Projects/NiigataSkiStatus/scheduled_collection.py", line 1, in <module>
    import openmeteo_request
  File "/Users/rustydotson/Projects/NiigataSkiStatus/openmeteo_request.py", line 9, in <module>
    from db import get_db_connection
  File "/Users/rustydotson/Projects/NiigataSkiStatus/db.py", line 2, in <module>
    import psycopg
  File "/Users/rustydotson/Projects/NiigataSkiStatus/venv/lib/python3.13/site-packages/psycopg/__init__.py", line 9, in <module>
    from . import pq  # noqa: F401 import early to stabilize side effects
    ^^^^^^^^^^^^^^^^
  File "/Users/rustydotson/Projects/NiigataSkiStatus/venv/lib/python3.13/site-packages/psycopg/pq/__init__.py", line 116, in <module>
    import_from_libpq()
    ~~~~~~~~~~~~~~~~~^^
  File "/Users/rustydotson/Projects/NiigataSkiStatus/venv/lib/python3.13/site-packages/psycopg/pq/__init__.py", line 108, in import_from_libpq
            raise ImportError(
    ...<4 lines>...
            )
ImportError: no pq wrapper available.
Attempts made:
- couldn't import psycopg 'c' implementation: No module named 'psycopg_c'
- couldn't import psycopg 'binary' implementation: No module named 'psycopg_binary'
- couldn't import psycopg 'python' implementation: libpq library not found
Traceback (most recent call last):
  File "/Users/rustydotson/Projects/NiigataSkiStatus/scheduled_collection.py", line 1, in <module>
    import openmeteo_request
  File "/Users/rustydotson/Projects/NiigataSkiStatus/openmeteo_request.py", line 9, in <module>
    from db import get_db_connection
  File "/Users/rustydotson/Projects/NiigataSkiStatus/db.py", line 2, in <module>
    import psycopg
  File "/Users/rustydotson/Projects/NiigataSkiStatus/venv/lib/python3.13/site-packages/psycopg/__init__.py", line 9, in <module>
    from . import pq  # noqa: F401 import early to stabilize side effects
    ^^^^^^^^^^^^^^^^
  File "/Users/rustydotson/Projects/NiigataSkiStatus/venv/lib/python3.13/site-packages/psycopg/pq/__init__.py", line 116, in <module>
    import_from_libpq()
    ~~~~~~~~~~~~~~~~~^^
  File "/Users/rustydotson/Projects/NiigataSkiStatus/venv/lib/python3.13/site-packages/psycopg/pq/__init__.py", line 108, in import_from_libpq
            raise ImportError(
    ...<4 lines>...
            )
ImportError: no pq wrapper available.
Attempts made:
- couldn't import psycopg 'c' implementation: No module named 'psycopg_c'
- couldn't import psycopg 'binary' implementation: No module named 'psycopg_binary'
- couldn't import psycopg 'python' implementation: libpq library not found
Traceback (most recent call last):
  File "/Users/rustydotson/Projects/NiigataSkiStatus/scheduled_collection.py", line 1, in <module>
    import openmeteo_request
  File "/Users/rustydotson/Projects/NiigataSkiStatus/openmeteo_request.py", line 9, in <module>
    from db import get_db_connection
  File "/Users/rustydotson/Projects/NiigataSkiStatus/db.py", line 2, in <module>
    import psycopg
  File "/Users/rustydotson/Projects/NiigataSkiStatus/venv/lib/python3.13/site-packages/psycopg/__init__.py", line 9, in <module>
    from . import pq  # noqa: F401 import early to stabilize side effects
    ^^^^^^^^^^^^^^^^
  File "/Users/rustydotson/Projects/NiigataSkiStatus/venv/lib/python3.13/site-packages/psycopg/pq/__init__.py", line 116, in <module>
    import_from_libpq()
    ~~~~~~~~~~~~~~~~~^^
  File "/Users/rustydotson/Projects/NiigataSkiStatus/venv/lib/python3.13/site-packages/psycopg/pq/__init__.py", line 108, in import_from_libpq
            raise ImportError(
    ...<4 lines>...
            )
ImportError: no pq wrapper available.
Attempts made:
- couldn't import psycopg 'c' implementation: No module named 'psycopg_c'
- couldn't import psycopg 'binary' implementation: No module named 'psycopg_binary'
- couldn't import psycopg 'python' implementation: libpq library not found
Traceback (most recent call last):
  File "/Users/rustydotson/Projects/NiigataSkiStatus/scheduled_collection.py", line 1, in <module>
    import openmeteo_request
  File "/Users/rustydotson/Projects/NiigataSkiStatus/openmeteo_request.py", line 9, in <module>
    from db import get_db_connection
  File "/Users/rustydotson/Projects/NiigataSkiStatus/db.py", line 2, in <module>
    import psycopg
  File "/Users/rustydotson/Projects/NiigataSkiStatus/venv/lib/python3.13/site-packages/psycopg/__init__.py", line 9, in <module>
    from . import pq  # noqa: F401 import early to stabilize side effects
    ^^^^^^^^^^^^^^^^
  File "/Users/rustydotson/Projects/NiigataSkiStatus/venv/lib/python3.13/site-packages/psycopg/pq/__init__.py", line 116, in <module>
    import_from_libpq()
    ~~~~~~~~~~~~~~~~~^^
  File "/Users/rustydotson/Projects/NiigataSkiStatus/venv/lib/python3.13/site-packages/psycopg/pq/__init__.py", line 108, in import_from_libpq
            raise ImportError(
    ...<4 lines>...
            )
ImportError: no pq wrapper available.
Attempts made:
- couldn't import psycopg 'c' implementation: No module named 'psycopg_c'
- couldn't import psycopg 'binary' implementation: No module named 'psycopg_binary'
- couldn't import psycopg 'python' implementation: libpq library not found
Traceback (most recent call last):
  File "/Users/rustydotson/Projects/NiigataSkiStatus/scheduled_collection.py", line 1, in <module>
    import openmeteo_request
  File "/Users/rustydotson/Projects/NiigataSkiStatus/openmeteo_request.py", line 9, in <module>
    from db import get_db_connection
  File "/Users/rustydotson/Projects/NiigataSkiStatus/db.py", line 2, in <module>
    import psycopg
  File "/Users/rustydotson/Projects/NiigataSkiStatus/venv/lib/python3.13/site-packages/psycopg/__init__.py", line 9, in <module>
    from . import pq  # noqa: F401 import early to stabilize side effects
    ^^^^^^^^^^^^^^^^
  File "/Users/rustydotson/Projects/NiigataSkiStatus/venv/lib/python3.13/site-packages/psycopg/pq/__init__.py", line 116, in <module>
    import_from_libpq()
    ~~~~~~~~~~~~~~~~~^^
  File "/Users/rustydotson/Projects/NiigataSkiStatus/venv/lib/python3.13/site-packages/psycopg/pq/__init__.py", line 108, in import_from_libpq
            raise ImportError(
    ...<4 lines>...
            )
ImportError: no pq wrapper available.
Attempts made:
- couldn't import psycopg 'c' implementation: No module named 'psycopg_c'
- couldn't import psycopg 'binary' implementation: No module named 'psycopg_binary'
- couldn't import psycopg 'python' implementation: libpq library not found
Traceback (most recent call last):
  File "/Users/rustydotson/Projects/NiigataSkiStatus/scheduled_collection.py", line 1, in <module>
    import openmeteo_request
  File "/Users/rustydotson/Projects/NiigataSkiStatus/openmeteo_request.py", line 9, in <module>
    from db import get_db_connection
  File "/Users/rustydotson/Projects/NiigataSkiStatus/db.py", line 2, in <module>
    import psycopg
  File "/Users/rustydotson/Projects/NiigataSkiStatus/venv/lib/python3.13/site-packages/psycopg/__init__.py", line 9, in <module>
    from . import pq  # noqa: F401 import early to stabilize side effects
    ^^^^^^^^^^^^^^^^
  File "/Users/rustydotson/Projects/NiigataSkiStatus/venv/lib/python3.13/site-packages/psycopg/pq/__init__.py", line 116, in <module>
    import_from_libpq()
    ~~~~~~~~~~~~~~~~~^^
  File "/Users/rustydotson/Projects/NiigataSkiStatus/venv/lib/python3.13/site-packages/psycopg/pq/__init__.py", line 108, in import_from_libpq
            raise ImportError(
    ...<4 lines>...
            )
ImportError: no pq wrapper available.
Attempts made:
- couldn't import psycopg 'c' implementation: No module named 'psycopg_c'
- couldn't import psycopg 'binary' implementation: No module named 'psycopg_binary'
- couldn't import psycopg 'python' implementation: libpq library not found
